#
# A fatal error has been detected by the Java Runtime Environment:
#
#  EXCEPTION_ACCESS_VIOLATION (0xc0000005) at pc=0x05aaf5d5, pid=11732, tid=11660
#
# JRE version: 6.0_43-b01
# Java VM: Java HotSpot(TM) Client VM (20.14-b01 mixed mode, sharing windows-x86 )
# Problematic frame:
# C  [ig7icd32.dll+0xf5d5]
#
# If you would like to submit a bug report, please visit:
#   http://java.sun.com/webapps/bugreport/crash.jsp
# The crash happened outside the Java Virtual Machine in native code.
# See problematic frame for where to report the bug.
#

---------------  T H R E A D  ---------------

Current thread (0x04ab9400):  JavaThread "LWJGL Application" [_thread_in_native, id=11660, stack(0x05100000,0x05150000)]

siginfo: ExceptionCode=0xc0000005, reading address 0x00000014

Registers:
EAX=0x00000000, EBX=0x0996c618, ECX=0x099813c8, EDX=0x000001cf
ESP=0x0514ef48, EBP=0x09951628, ESI=0x0997e280, EDI=0x09951610
EIP=0x05aaf5d5, EFLAGS=0x00010206

Top of Stack: (sp=0x0514ef48)
0x0514ef48:   00000001 0514f048 09951610 0997e280
0x0514ef58:   0996c618 060fc2ce 0681f2b8 00000001
0x0514ef68:   0514f048 060fc2ef 0514f1b0 0797ab08
0x0514ef78:   00000000 067a0080 00000000 00000000
0x0514ef88:   00000000 068c4d28 00000000 00f50086
0x0514ef98:   00000000 00060103 00000000 7700db1e
0x0514efa8:   00000000 068c01cc 0997e280 09951610
0x0514efb8:   00000001 0996c618 0000052f 00000000 

Instructions: (pc=0x05aaf5d5)
0x05aaf5b5:   50 8b f1 e8 d4 f4 64 00 c7 06 74 73 15 06 8b c6
0x05aaf5c5:   5e c2 04 00 cc cc cc cc cc cc cc 83 ec 24 8b 01
0x05aaf5d5:   8b 50 14 89 14 24 8b 50 18 89 54 24 04 8b 50 20
0x05aaf5e5:   89 54 24 0c 8b 50 24 53 8b 58 28 89 54 24 14 8b 


Register to memory mapping:

EAX=0x00000000 is an unknown value
EBX=0x0996c618 is an unknown value
ECX=0x099813c8 is an unknown value
EDX=0x000001cf is an unknown value
ESP=0x0514ef48 is pointing into the stack for thread: 0x04ab9400
EBP=0x09951628 is an unknown value
ESI=0x0997e280 is an unknown value
EDI=0x09951610 is an unknown value


Stack: [0x05100000,0x05150000],  sp=0x0514ef48,  free space=315k
Native frames: (J=compiled Java code, j=interpreted, Vv=VM code, C=native code)
C  [ig7icd32.dll+0xf5d5]

Java frames: (J=compiled Java code, j=interpreted, Vv=VM code)
j  org.lwjgl.opengl.GL20.nglLinkProgram(IJ)V+0
j  org.lwjgl.opengl.GL20.glLinkProgram(I)V+15
j  com.badlogic.gdx.backends.lwjgl.LwjglGL20.glLinkProgram(I)V+1
j  com.badlogic.gdx.graphics.glutils.ShaderProgram.linkProgram()I+46
j  com.badlogic.gdx.graphics.glutils.ShaderProgram.compileShaders(Ljava/lang/String;Ljava/lang/String;)V+46
j  com.badlogic.gdx.graphics.glutils.ShaderProgram.<init>(Ljava/lang/String;Ljava/lang/String;)V+140
j  com.jwatson.omnigame.MapRenderer.<init>(IZZI)V+226
j  com.jwatson.omnigame.screens.GameScreen.<init>(Lcom/jwatson/omnigame/OmniGame;)V+69
j  com.jwatson.omnigame.screens.NewGameScreen$1.changed(Lcom/badlogic/gdx/scenes/scene2d/utils/ChangeListener$ChangeEvent;Lcom/badlogic/gdx/scenes/scene2d/Actor;)V+50
j  com.badlogic.gdx.scenes.scene2d.utils.ChangeListener.handle(Lcom/badlogic/gdx/scenes/scene2d/Event;)Z+18
j  com.badlogic.gdx.scenes.scene2d.Actor.notify(Lcom/badlogic/gdx/scenes/scene2d/Event;Z)Z+100
j  com.badlogic.gdx.scenes.scene2d.Actor.fire(Lcom/badlogic/gdx/scenes/scene2d/Event;)Z+147
j  com.badlogic.gdx.scenes.scene2d.ui.Button.setChecked(Z)V+52
j  com.badlogic.gdx.scenes.scene2d.ui.Button$1.clicked(Lcom/badlogic/gdx/scenes/scene2d/InputEvent;FF)V+39
j  com.badlogic.gdx.scenes.scene2d.utils.ClickListener.touchUp(Lcom/badlogic/gdx/scenes/scene2d/InputEvent;FFII)V+108
j  com.badlogic.gdx.scenes.scene2d.InputListener.handle(Lcom/badlogic/gdx/scenes/scene2d/Event;)Z+200
j  com.badlogic.gdx.scenes.scene2d.Stage.touchUp(IIII)Z+209
j  com.badlogic.gdx.backends.lwjgl.LwjglInput.processEvents()V+279
j  com.badlogic.gdx.backends.lwjgl.LwjglApplication.mainLoop()V+451
j  com.badlogic.gdx.backends.lwjgl.LwjglApplication$1.run()V+27
v  ~StubRoutines::call_stub

---------------  P R O C E S S  ---------------

Java Threads: ( => current thread )
  0x08004000 JavaThread "LWJGL Timer" daemon [_thread_blocked, id=11828, stack(0x08440000,0x08490000)]
  0x01f6a000 JavaThread "DestroyJavaVM" [_thread_blocked, id=10540, stack(0x001f0000,0x00240000)]
=>0x04ab9400 JavaThread "LWJGL Application" [_thread_in_native, id=11660, stack(0x05100000,0x05150000)]
  0x004ce000 JavaThread "Low Memory Detector" daemon [_thread_blocked, id=11388, stack(0x048f0000,0x04940000)]
  0x004b9400 JavaThread "C1 CompilerThread0" daemon [_thread_blocked, id=11552, stack(0x04860000,0x048b0000)]
  0x004b8000 JavaThread "Attach Listener" daemon [_thread_blocked, id=11400, stack(0x047d0000,0x04820000)]
  0x004b5400 JavaThread "Signal Dispatcher" daemon [_thread_blocked, id=11072, stack(0x04740000,0x04790000)]
  0x004abc00 JavaThread "Finalizer" daemon [_thread_blocked, id=11320, stack(0x046b0000,0x04700000)]
  0x004aa400 JavaThread "Reference Handler" daemon [_thread_blocked, id=10200, stack(0x04620000,0x04670000)]

Other Threads:
  0x0046d800 VMThread [stack: 0x04590000,0x045e0000] [id=11528]
  0x004df400 WatcherThread [stack: 0x04980000,0x049d0000] [id=11744]

VM state:not at safepoint (normal execution)

VM Mutex/Monitor currently owned by a thread: None

Heap
 def new generation   total 4928K, used 4583K [0x24550000, 0x24aa0000, 0x29aa0000)
  eden space 4416K,  97% used [0x24550000, 0x24982e68, 0x249a0000)
  from space 512K,  55% used [0x249a0000, 0x249e6ec0, 0x24a20000)
  to   space 512K,   0% used [0x24a20000, 0x24a20000, 0x24aa0000)
 tenured generation   total 10944K, used 252K [0x29aa0000, 0x2a550000, 0x34550000)
   the space 10944K,   2% used [0x29aa0000, 0x29adf018, 0x29adf200, 0x2a550000)
 compacting perm gen  total 12288K, used 2933K [0x34550000, 0x35150000, 0x38550000)
   the space 12288K,  23% used [0x34550000, 0x3482d5e8, 0x3482d600, 0x35150000)
    ro space 10240K,  51% used [0x38550000, 0x38a825d0, 0x38a82600, 0x38f50000)
    rw space 12288K,  55% used [0x38f50000, 0x395ed978, 0x395eda00, 0x39b50000)

Code Cache  [0x02590000, 0x02650000, 0x04590000)
 total_blobs=418 nmethods=178 adapters=176 free_code_cache=32768640 largest_free_block=0

Dynamic libraries:
0x00400000 - 0x00425000 	C:\Program Files (x86)\Java\jre6\bin\javaw.exe
0x77110000 - 0x77290000 	C:\Windows\SysWOW64\ntdll.dll
0x75f50000 - 0x76060000 	C:\Windows\syswow64\kernel32.dll
0x75eb0000 - 0x75ef7000 	C:\Windows\syswow64\KERNELBASE.dll
0x759a0000 - 0x75a40000 	C:\Windows\syswow64\ADVAPI32.dll
0x76500000 - 0x765ac000 	C:\Windows\syswow64\msvcrt.dll
0x75a40000 - 0x75a59000 	C:\Windows\SysWOW64\sechost.dll
0x76700000 - 0x767f0000 	C:\Windows\syswow64\RPCRT4.dll
0x747f0000 - 0x74850000 	C:\Windows\syswow64\SspiCli.dll
0x747e0000 - 0x747ec000 	C:\Windows\syswow64\CRYPTBASE.dll
0x75da0000 - 0x75ea0000 	C:\Windows\syswow64\USER32.dll
0x75900000 - 0x75990000 	C:\Windows\syswow64\GDI32.dll
0x763a0000 - 0x763aa000 	C:\Windows\syswow64\LPK.dll
0x75a60000 - 0x75afd000 	C:\Windows\syswow64\USP10.dll
0x767f0000 - 0x76850000 	C:\Windows\system32\IMM32.DLL
0x748a0000 - 0x7496c000 	C:\Windows\syswow64\MSCTF.dll
0x7c340000 - 0x7c396000 	C:\Program Files (x86)\Java\jre6\bin\msvcr71.dll
0x6d7f0000 - 0x6daa0000 	C:\Program Files (x86)\Java\jre6\bin\client\jvm.dll
0x719f0000 - 0x71a22000 	C:\Windows\system32\WINMM.dll
0x6fe50000 - 0x6fe9c000 	C:\Windows\system32\apphelp.dll
0x6d7a0000 - 0x6d7ac000 	C:\Program Files (x86)\Java\jre6\bin\verify.dll
0x6d320000 - 0x6d33f000 	C:\Program Files (x86)\Java\jre6\bin\java.dll
0x6d7e0000 - 0x6d7ef000 	C:\Program Files (x86)\Java\jre6\bin\zip.dll
0x6cec0000 - 0x6cf3f000 	C:\Users\root\AppData\Local\Temp\libgdxroot\2159315945\gdx.dll
0x10000000 - 0x1004c000 	C:\Users\root\AppData\Local\Temp\libgdxroot\658158746\lwjgl.dll
0x6cd30000 - 0x6cdf8000 	C:\Windows\system32\OPENGL32.dll
0x73af0000 - 0x73b12000 	C:\Windows\system32\GLU32.dll
0x6c180000 - 0x6c267000 	C:\Windows\system32\DDRAW.dll
0x741b0000 - 0x741b6000 	C:\Windows\system32\DCIMAN32.dll
0x75b00000 - 0x75c9d000 	C:\Windows\syswow64\SETUPAPI.dll
0x763b0000 - 0x763d7000 	C:\Windows\syswow64\CFGMGR32.dll
0x765b0000 - 0x7663f000 	C:\Windows\syswow64\OLEAUT32.dll
0x75760000 - 0x758bc000 	C:\Windows\syswow64\ole32.dll
0x74850000 - 0x74862000 	C:\Windows\syswow64\DEVOBJ.dll
0x6fdb0000 - 0x6fdc3000 	C:\Windows\system32\dwmapi.dll
0x6e530000 - 0x6e539000 	C:\Windows\system32\VERSION.dll
0x71680000 - 0x7181e000 	C:\Windows\WinSxS\x86_microsoft.windows.common-controls_6595b64144ccf1df_6.0.7601.17514_none_41e6975e2bd6f2b2\COMCTL32.dll
0x75cb0000 - 0x75d07000 	C:\Windows\syswow64\SHLWAPI.dll
0x04cf0000 - 0x04d57000 	C:\Users\root\AppData\Local\Temp\libgdxroot\658158746\OpenAL32.dll
0x74b10000 - 0x7575a000 	C:\Windows\syswow64\SHELL32.dll
0x6fdd0000 - 0x6fe50000 	C:\Windows\system32\uxtheme.dll
0x75d10000 - 0x75d93000 	C:\Windows\syswow64\CLBCatQ.DLL
0x6ee80000 - 0x6ef75000 	C:\Windows\System32\PROPSYS.dll
0x74870000 - 0x7489d000 	C:\Windows\syswow64\WINTRUST.dll
0x763e0000 - 0x764fe000 	C:\Windows\syswow64\CRYPT32.dll
0x75ea0000 - 0x75eac000 	C:\Windows\syswow64\MSASN1.dll
0x6e2c0000 - 0x6e332000 	C:\Windows\system32\dsound.dll
0x72010000 - 0x72035000 	C:\Windows\system32\POWRPROF.dll
0x72fc0000 - 0x72ff9000 	C:\Windows\System32\MMDevApi.dll
0x6f550000 - 0x6f586000 	C:\Windows\system32\AUDIOSES.DLL
0x05aa0000 - 0x0671e000 	C:\Windows\system32\ig7icd32.dll
0x65e50000 - 0x65ec9000 	C:\Windows\system32\mscms.dll
0x73720000 - 0x73737000 	C:\Windows\system32\USERENV.dll
0x73870000 - 0x7387b000 	C:\Windows\system32\profapi.dll
0x5d520000 - 0x5d558000 	C:\Windows\system32\icm32.dll
0x75990000 - 0x75995000 	C:\Windows\system32\PSAPI.DLL

VM Arguments:
jvm_args: -Dfile.encoding=Cp1252 
java_command: com.jwatson.omnigame.OmniGameDesktop
Launcher Type: SUN_STANDARD

Environment Variables:
PATH=C:/Program Files (x86)/Java/jre6/bin/client;C:/Program Files (x86)/Java/jre6/bin;C:/Program Files (x86)/Java/jre6/lib/i386;C:\Program Files\Common Files\Microsoft Shared\Windows Live;C:\Program Files (x86)\Common Files\Microsoft Shared\Windows Live;C:\Program Files (x86)\Intel\iCLS Client\;C:\Program Files\Intel\iCLS Client\;C:\Windows\system32;C:\Windows;C:\Windows\System32\Wbem;C:\Windows\System32\WindowsPowerShell\v1.0\;C:\Program Files\Intel\Intel(R) Management Engine Components\DAL;C:\Program Files\Intel\Intel(R) Management Engine Components\IPT;C:\Program Files (x86)\Intel\Intel(R) Management Engine Components\DAL;C:\Program Files (x86)\Intel\Intel(R) Management Engine Components\IPT;C:\Program Files (x86)\Intel\OpenCL SDK\2.0\bin\x86;C:\Program Files (x86)\Intel\OpenCL SDK\2.0\bin\x64;C:\Program Files\Intel\WiFi\bin\;C:\Program Files\Common Files\Intel\WirelessCommon\;C:\Program Files (x86)\Toshiba\Bluetooth Toshiba Stack\sys\;C:\Program Files (x86)\Toshiba\Bluetooth Toshiba Stack\sys\x64\;C:\Program Files (x86)\Windows Live\Shared;C:\Users\root\Desktop\eclipse;
USERNAME=root
OS=Windows_NT
PROCESSOR_IDENTIFIER=Intel64 Family 6 Model 58 Stepping 9, GenuineIntel



---------------  S Y S T E M  ---------------

OS: Windows 7 , 64 bit Build 7601 Service Pack 1

CPU:total 4 (2 cores per cpu, 2 threads per core) family 6 model 58 stepping 9, cmov, cx8, fxsr, mmx, sse, sse2, sse3, ssse3, sse4.1, sse4.2, popcnt, ht

Memory: 4k page, physical 6183084k(3167892k free), swap 6630292k(3328900k free)

vm_info: Java HotSpot(TM) Client VM (20.14-b01) for windows-x86 JRE (1.6.0_43-b01), built on Mar  1 2013 02:51:23 by "java_re" with MS VC++ 7.1 (VS2003)

time: Mon Apr 08 21:03:45 2013
elapsed time: 1 seconds

